000000000000385 -21 获取city_name=重庆市巴南区的id出错,记录不存在!
000000000019585 -21 获取city_name=保山市隆阳区的id出错,记录不存在!
888530555110000 -8 老表中有重复手机号,mobile=13887828518
000000000021894 -21 获取city_name=保山市隆阳区的id出错,记录不存在!
000000000027173 0 数据导入成功！
000000000027655 0 数据导入成功！
000000000027911 -21 获取city_name=菏泽市市辖区的id出错,记录不存在!
000000000028400 -21 获取city_name=菏泽市市辖区的id出错,记录不存在!
000000000031381 0 数据导入成功！
000000000033976 0 数据导入成功！
000000000034441 -21 获取city_name=哈尔滨市五常市的id出错,记录不存在!
000000000039312 0 数据导入成功！
000000000041160 -8 老表中有重复手机号,mobile=13776453999
000000000043989 -8 新表中有重复手机号mobile=13287068684
888320480430004 -8 老表中有重复手机号,mobile=13775135105
000000000045662 -8 老表中有重复手机号,mobile=13658750158
000000000051189 -8 老表中有重复手机号,mobile=13988393800
000000000057114 -21 获取city_name=0的id出错,记录不存在!
000000000057115 -21 获取city_name=0的id出错,记录不存在!
000000000058631 0 数据导入成功！
888220158120002 0 数据导入成功！
888230258120003 -8 老表中有重复手机号,mobile=13694520452
888371754620001 0 数据导入成功！
888370356990002 0 数据导入成功！
888512058120008 0 数据导入成功！
888371753310012 0 数据导入成功！
888360759120003 0 数据导入成功！
888610180430001 0 数据导入成功！
888620458130004 0 数据导入成功！
888510155110000 0 数据导入成功！
888350553980000 0 数据导入成功！
888350575380004 0 数据导入成功！
888371753310014 0 数据导入成功！
888350558120019 0 数据导入成功！
888350573720000 -21 获取branch_name=郑文从创业合伙人的id出错,记录不存在! -6 获取county_name=晋江市的城市code出错
888620170110001 0 数据导入成功！
888451275420002 0 数据导入成功！
888370873950000 0 数据导入成功！
888210957320001 0 数据导入成功！
888451256610002 0 数据导入成功！
888451251110000 0 数据导入成功！
888510652510002 0 数据导入成功！
888510672970002 0 数据导入成功！
888620579110000 0 数据导入成功！
888451275380005 0 数据导入成功！
888510158120031 0 数据导入成功！
888350548120002 0 数据导入成功！
888370859730000 0 数据导入成功！
888620558120017 0 数据导入成功！
888510153310010 0 数据导入成功！
888620559920001 0 数据导入成功！
888451259210001 0 数据导入成功！
888451257320002 0 数据导入成功！
888370272980001 0 数据导入成功！
888370259210007 0 数据导入成功！
888371755110000 0 数据导入成功！
888350575310000 0 数据导入成功！
888350580410000 0 数据导入成功！
888340254510002 0 数据导入成功！
888620559210001 0 数据导入成功！
888370458120015 0 数据导入成功！
888370472950000 0 数据导入成功！
888130658120011 0 数据导入成功！
888411053310010 0 数据导入成功！
888220154990012 0 数据导入成功！
888220147220001 0 数据导入成功！
888220157120000 0 数据导入成功！
888220157330001 0 数据导入成功！
888220154990011 0 数据导入成功！
888220158130000 0 数据导入成功！
888231054410000 0 数据导入成功！
888231059120003 0 数据导入成功！
888231054510000 0 数据导入成功！
888620158120010 0 数据导入成功！
888620554620001 0 数据导入成功！
888231058120011 0 数据导入成功！
888321072970002 0 数据导入成功！
888231058120010 0 数据导入成功！
888220159600001 0 数据导入成功！
888220152110003 0 数据导入成功！
888230258120024 0 数据导入成功！
888510607630002 0 数据导入成功！
888451257190001 0 数据导入成功！
888621148120001 0 数据导入成功！
888451257190002 0 数据导入成功！
888621158120030 0 数据导入成功！
888451250390000 0 数据导入成功！
888451255330001 0 数据导入成功！
888510670110002 0 数据导入成功！
888451275380006 0 数据导入成功！
888360759920000 0 数据导入成功！
888370350940007 0 数据导入成功！
888451256210000 0 数据导入成功！
888360753110002 0 数据导入成功！
888231058110002 0 数据导入成功！
888231058110003 0 数据导入成功！
888610175380005 0 数据导入成功！
888231059920000 0 数据导入成功！
888370858120054 0 数据导入成功！
888451256410003 0 数据导入成功！
888620558120019 0 数据导入成功！
888230154510000 0 数据导入成功！
888370458120016 0 数据导入成功！
888451272510000 0 数据导入成功！
888371772980046 0 数据导入成功！
888370807630002 0 数据导入成功！
888350554990015 0 数据导入成功！
888371758120056 0 数据导入成功！
888371772980047 0 数据导入成功！
888371758120057 0 数据导入成功！
888371758120058 0 数据导入成功！
888371772980048 0 数据导入成功！
888340280430002 0 数据导入成功！
888141053110000 0 数据导入成功！
888340258120027 0 数据导入成功！
888340248160000 0 数据导入成功！
888340280490000 0 数据导入成功！
888371754990014 0 数据导入成功！
888340258120026 0 数据导入成功！
888370807630001 0 数据导入成功！
888451259120002 0 数据导入成功！
888230158120038 0 数据导入成功！
888371759770014 0 数据导入成功！
888370856410011 0 数据导入成功！
888510153310011 0 数据导入成功！
888340256990000 0 数据导入成功！
888340272300011 0 数据导入成功！
888510157320005 0 数据导入成功！
888510157120004 0 数据导入成功！
888532659490002 0 数据导入成功！
888512058130002 0 数据导入成功！
888340258120031 0 数据导入成功！
888340272980006 0 数据导入成功！
888620158120011 0 数据导入成功！
888231048120003 0 数据导入成功！
888231058120015 0 数据导入成功！
888510156410002 0 数据导入成功！
888510155110001 0 数据导入成功！
888510159620000 0 数据导入成功！
888510672970003 0 数据导入成功！
888510659770001 0 数据导入成功！
888620958130001 0 数据导入成功！
888340258120028 0 数据导入成功！
888340258120030 0 数据导入成功！
888371754990015 0 数据导入成功！
888532558120043 0 数据导入成功！
888451252110003 0 数据导入成功！
888340272300013 0 数据导入成功！
888231058120014 0 数据导入成功！
888371770110006 0 数据导入成功！
888340272300012 0 数据导入成功！
888350554990016 0 数据导入成功！
888371770110005 0 数据导入成功！
888451280500000 0 数据导入成功！
888451272980003 0 数据导入成功！
888451279110000 0 数据导入成功！
888620556910001 0 数据导入成功！
888130652310002 0 数据导入成功！
888510654220000 0 数据导入成功！
888510653110001 0 数据导入成功！
888350558130010 0 数据导入成功！
888350555710001 0 数据导入成功！
888211154990011 0 数据导入成功！
888231058120013 0 数据导入成功！
888230858120007 0 数据导入成功！
888230853310004 0 数据导入成功！
888231057140000 0 数据导入成功！
888370357320003 0 数据导入成功！
888350548120004 -21 获取branch_name=郑文从创业合伙人的id出错,记录不存在! -6 获取county_name=晋江市的城市code出错
888371770110008 0 数据导入成功！
888371770110007 0 数据导入成功！
888371772300016 0 数据导入成功！
888220159470000 0 数据导入成功！
888371772300015 0 数据导入成功！
888371756410006 0 数据导入成功！
888532570110008 0 数据导入成功！
888340258120029 0 数据导入成功！
888340270110009 0 数据导入成功！
888371780420003 0 数据导入成功！
888371779320000 0 数据导入成功！
888371772300017 0 数据导入成功！
888620572980001 0 数据导入成功！
888371759490002 0 数据导入成功！
888451272300001 0 数据导入成功！
888510672300003 0 数据导入成功！
888620158130007 0 数据导入成功！
888510658120012 0 数据导入成功！
888510656410000 0 数据导入成功！
888340258120034 0 数据导入成功！
888451272980004 0 数据导入成功！
888510675310000 0 数据导入成功！
888370359210010 0 数据导入成功！
888340253990000 0 数据导入成功！
888510648160000 0 数据导入成功！
888340272730002 0 数据导入成功！
888370380990001 0 数据导入成功！
888350558120021 -21 获取branch_name=郑文从创业合伙人的id出错,记录不存在! -6 获取county_name=晋江市的城市code出错
888510659460000 -21 获取branch_name=绵竹颐养科技有限公司的id出错,记录不存在!
888231058110004 0 数据导入成功！
888231072110000 0 数据导入成功！
888340258120033 0 数据导入成功！
888371770110009 0 数据导入成功！
888231058120017 0 数据导入成功！
888340272300015 0 数据导入成功！
888231070110000 0 数据导入成功！
888371757320009 0 数据导入成功！
888371758120059 0 数据导入成功！
888231048120002 0 数据导入成功！
888340272970001 0 数据导入成功！
888371770110010 0 数据导入成功！
888451258120009 0 数据导入成功！
888371772980049 0 数据导入成功！
888340272300014 0 数据导入成功！
888510672970004 -21 获取branch_name=绵竹颐养科技有限公司的id出错,记录不存在!
888340258120032 0 数据导入成功！
888371772100003 0 数据导入成功！
888230156110002 0 数据导入成功！
888532580210001 0 数据导入成功！
888230156210000 0 数据导入成功！
888230158120039 0 数据导入成功！
888340258120036 0 数据导入成功！
888231054990003 0 数据导入成功！
888340275380000 0 数据导入成功！
888510675420001 0 数据导入成功！
888451253310006 0 数据导入成功！
888371772300018 0 数据导入成功！
888371758120060 0 数据导入成功！
888350559770000 0 数据导入成功！
888451256990000 0 数据导入成功！
888231058120018 0 数据导入成功！
888231056210001 0 数据导入成功！
888231053990000 0 数据导入成功！
888510658120013 -21 获取branch_name=绵竹颐养科技有限公司的id出错,记录不存在!
888231053110000 0 数据导入成功！
888510658120014 -21 获取branch_name=绵竹颐养科技有限公司的id出错,记录不存在!
888510159210003 0 数据导入成功！
888340253990001 0 数据导入成功！
888340252110002 0 数据导入成功！
888621154620000 0 数据导入成功！
888510659120004 -21 获取branch_name=绵竹颐养科技有限公司的id出错,记录不存在!
888510659120005 -21 获取branch_name=绵竹颐养科技有限公司的id出错,记录不存在!
888210953310018 0 数据导入成功！
888340253310007 0 数据导入成功！
888340258130001 0 数据导入成功！
888340270110010 0 数据导入成功！
888620953310026 0 数据导入成功！
888451257120004 0 数据导入成功！
888371779320001 0 数据导入成功！
888371758120062 0 数据导入成功！
888510158120037 0 数据导入成功！
888371758120061 0 数据导入成功！
888510172300003 0 数据导入成功！
888510152110003 0 数据导入成功！
888510158120035 0 数据导入成功！
888510157120005 0 数据导入成功！
888371779940000 0 数据导入成功！
888510156310000 0 数据导入成功！
888510158120033 0 数据导入成功！
888510158120034 0 数据导入成功！
888340270110011 0 数据导入成功！
888340258120037 0 数据导入成功！
888230558120002 -21 获取branch_name=刘东东创业合伙人的id出错,记录不存在! -6 获取county_name=集贤县的城市code出错
888340272160000 0 数据导入成功！
888340257190000 0 数据导入成功！
888340258120038 0 数据导入成功！
888231058120019 0 数据导入成功！
888621158120033 0 数据导入成功！
888621158120032 0 数据导入成功！
888621158120031 0 数据导入成功！
888340257320001 0 数据导入成功！
888220158120024 0 数据导入成功！
888231059210000 0 数据导入成功！
888231054990005 0 数据导入成功！
888140958130000 0 数据导入成功！
888211159210000 0 数据导入成功！
888620555710001 0 数据导入成功！
888510158120032 0 数据导入成功！
888510154620001 0 数据导入成功！
888510159120012 0 数据导入成功！
888230858120008 0 数据导入成功！
888451257130001 0 数据导入成功！
888220158120023 0 数据导入成功！
888230575420001 0 数据导入成功！
888511758120040 -21 获取branch_name=创业合伙人蒲正军的id出错,记录不存在! -6 获取county_name=通川区的城市code出错
888230158120040 0 数据导入成功！
888370853110022 0 数据导入成功！
888451275380007 0 数据导入成功！
888621157130002 0 数据导入成功！
888230159210001 0 数据导入成功！
888511758120044 0 数据导入成功！
888511775420001 0 数据导入成功！
888510675380004 0 数据导入成功！
888230180420001 0 数据导入成功！
888370858110002 0 数据导入成功！
888511758120043 0 数据导入成功！
888340273940000 0 数据导入成功！
888510659410000 0 数据导入成功！
888511758120046 0 数据导入成功！
888511780410001 0 数据导入成功！
888510658120015 0 数据导入成功！
888340258120039 0 数据导入成功！
888511780110000 0 数据导入成功！
888451254990000 0 数据导入成功！
888451270110000 0 数据导入成功！
888621179970000 0 数据导入成功！
888621157120001 0 数据导入成功！
888511758120045 0 数据导入成功！
888511757140000 0 数据导入成功！
888511770110007 0 数据导入成功！
888231054990004 0 数据导入成功！
888340258120040 0 数据导入成功！
888512054990007 0 数据导入成功！
888511752110008 0 数据导入成功！
888511758120041 0 数据导入成功！
888532952110000 0 数据导入成功！
888511757190000 0 数据导入成功！
888230158120041 0 数据导入成功！
888340270110012 0 数据导入成功！
888340257320002 0 数据导入成功！
888340272980007 0 数据导入成功！
888371772980052 0 数据导入成功！
888340258120041 0 数据导入成功！
888340272970002 0 数据导入成功！
888231057320001 0 数据导入成功！
888510673110001 0 数据导入成功！
888231058120020 0 数据导入成功！
888371772980050 0 数据导入成功！
888510158120039 0 数据导入成功！
888371772980051 0 数据导入成功！
888510158120038 0 数据导入成功！
888451256810000 0 数据导入成功！
888371758120064 0 数据导入成功！
888510175380001 0 数据导入成功！
888510152110004 0 数据导入成功！
888371758120063 0 数据导入成功！
888511775420002 0 数据导入成功！
888511758120047 0 数据导入成功！
888511755320000 0 数据导入成功！
888451258120010 0 数据导入成功！
888511772980007 0 数据导入成功！
888511758130006 0 数据导入成功！
888511772970003 0 数据导入成功！
888511772970002 0 数据导入成功！
888231055330000 0 数据导入成功！
888360759920001 0 数据导入成功！
888370257140002 0 数据导入成功！
888370258120036 0 数据导入成功！
888510658110000 -21 获取branch_name=绵竹颐养科技有限公司的id出错,记录不存在!
888360753110003 0 数据导入成功！
888510672300004 -21 获取branch_name=绵竹颐养科技有限公司的id出错,记录不存在!
888510659980000 -21 获取branch_name=绵竹颐养科技有限公司的id出错,记录不存在!
888510658120016 -21 获取branch_name=绵竹颐养科技有限公司的id出错,记录不存在!
888510675380005 0 数据导入成功！
888532558120048 0 数据导入成功！
888350579110000 -8 老表中有重复手机号,mobile=15960599977
888532558120047 0 数据导入成功！
888510648160001 0 数据导入成功！
888451289120000 0 数据导入成功！
888532559990002 0 数据导入成功！
888350558110000 0 数据导入成功！
888350580110000 -21 获取branch_name=郑文从创业合伙人的id出错,记录不存在! -6 获取county_name=晋江市的城市code出错
888371758120065 0 数据导入成功！
888371772980053 0 数据导入成功！
888371758120066 0 数据导入成功！
888532572980012 0 数据导入成功！
888532558120046 0 数据导入成功！
888532558120051 -9 商家手机号格式不正确!mobile=[1818703999]
888532572210001 0 数据导入成功！
888532559990003 0 数据导入成功！
888532558120045 0 数据导入成功！
888532557320003 0 数据导入成功！
888532653310001 0 数据导入成功！
888451258120011 0 数据导入成功！
888231054410001 0 数据导入成功！
888340254990004 0 数据导入成功！
888340258120042 0 数据导入成功！
888532558120052 -21 获取branch_name=张叶丽的id出错,记录不存在! -6 获取county_name=弥勒市的城市code出错
888340273110000 0 数据导入成功！
888532557190002 0 数据导入成功！
888340258120043 0 数据导入成功！
888532558120050 0 数据导入成功！
888340258120044 0 数据导入成功！
888532558120049 0 数据导入成功！
888510159490000 0 数据导入成功！
888340258130002 0 数据导入成功！
888510173110003 0 数据导入成功！
888510173790000 0 数据导入成功！
888371772980054 0 数据导入成功！
888510170110008 0 数据导入成功！
888620556310000 0 数据导入成功！
888620558120020 0 数据导入成功！
888220158120025 0 数据导入成功！
888451272980005 0 数据导入成功！
888350558120020 0 数据导入成功！
888350559990000 -21 获取branch_name=郑文从创业合伙人的id出错,记录不存在! -6 获取county_name=南安市的城市code出错
888350556910003 0 数据导入成功！
888411057140000 0 数据导入成功！
888231059770001 0 数据导入成功！
888230254990004 0 数据导入成功！
888350553310003 0 数据导入成功！
888620458120022 0 数据导入成功！
888231073380001 0 数据导入成功！
888350548120003 0 数据导入成功！
888620458120023 0 数据导入成功！
888350548160000 -21 获取branch_name=郑文从创业合伙人的id出错,记录不存在! -6 获取county_name=晋江市的城市code出错
888350558120023 -21 获取branch_name=郑文从创业合伙人的id出错,记录不存在! -6 获取county_name=晋江市的城市code出错
888532558120055 0 数据导入成功！
888532558120057 0 数据导入成功！
888532558120056 0 数据导入成功！
888532558120054 0 数据导入成功！
888532572970002 0 数据导入成功！
888532572210002 0 数据导入成功！
888532558120053 0 数据导入成功！
888370873380000 0 数据导入成功！
888231057320002 0 数据导入成功！
888532648120003 0 数据导入成功！
888510148160000 0 数据导入成功！
888370873330000 0 数据导入成功！
888510153310012 0 数据导入成功！
888510158120040 0 数据导入成功！
888510172300004 0 数据导入成功！
888510175420000 0 数据导入成功！
888510170130000 0 数据导入成功！
888510158120041 0 数据导入成功！
888510173110004 0 数据导入成功！
888510153310013 0 数据导入成功！
888510159120015 0 数据导入成功！
888510154990009 0 数据导入成功！
888510159120018 0 数据导入成功！
888621154620001 0 数据导入成功！
888621158120034 0 数据导入成功！
888371772300019 0 数据导入成功！
888371775120002 0 数据导入成功！
888621158120035 0 数据导入成功！
888510159120014 0 数据导入成功！
888371758120067 0 数据导入成功！
888451257140000 0 数据导入成功！
888370853110023 -21 获取branch_name=李鹏发卡点的id出错,记录不存在! -6 获取county_name=微山县的城市code出错
888510648160002 0 数据导入成功！
888451259120003 0 数据导入成功！
888350556210000 0 数据导入成功！
888350556610000 0 数据导入成功！
888510659770003 0 数据导入成功！
888370872980008 0 数据导入成功！
888510672300005 0 数据导入成功！
888370358120040 0 数据导入成功！
888510658120018 0 数据导入成功！
888340259490000 0 数据导入成功！
888350554990017 0 数据导入成功！
888350558120022 0 数据导入成功！
888350572980004 0 数据导入成功！
888220189120000 0 数据导入成功！
888350555330001 0 数据导入成功！
888370353110004 0 数据导入成功！
888510659770002 -21 获取branch_name=绵竹颐养科技有限公司的id出错,记录不存在!
888370356990009 0 数据导入成功！
888340254510003 0 数据导入成功！
888340272300017 0 数据导入成功！
888340272300016 0 数据导入成功！
888340256910002 0 数据导入成功！
888511754990004 0 数据导入成功！
888511758120050 0 数据导入成功！
888511758120049 0 数据导入成功！
888511758120052 0 数据导入成功！
888340258130003 0 数据导入成功！
888511758120048 0 数据导入成功！
888510658120017 0 数据导入成功！
888511758120053 0 数据导入成功！
888511758120051 0 数据导入成功！
888350555330002 0 数据导入成功！
888451250940000 0 数据导入成功！
888451254620000 0 数据导入成功！
888231058120021 0 数据导入成功！
888230275420001 0 数据导入成功！
888371748160001 0 数据导入成功！
888370359210011 0 数据导入成功！
888370354510002 0 数据导入成功！
888370356210005 0 数据导入成功！
888371748160000 0 数据导入成功！
888370354620010 0 数据导入成功！
888370382990009 0 数据导入成功！
888370372980013 0 数据导入成功！
888371758120068 0 数据导入成功！
888230182490001 0 数据导入成功！
888370372300009 0 数据导入成功！
888370372300008 0 数据导入成功！
888371773330000 0 数据导入成功！
888370359990005 0 数据导入成功！
888371772970002 0 数据导入成功！
888421160120000 0 数据导入成功！
888370858120055 0 数据导入成功！
888451258120012 0 数据导入成功！
888532657320004 0 数据导入成功！
888532670110002 0 数据导入成功！
888370352110005 0 数据导入成功！
888451259830000 0 数据导入成功！
888370373920000 0 数据导入成功！
888231054990006 0 数据导入成功！
888370356610002 0 数据导入成功！
888512056310002 0 数据导入成功！
888370358120041 0 数据导入成功！
888370855710005 0 数据导入成功！
888532554510000 0 数据导入成功！
888350589990001 0 数据导入成功！
888512059120009 0 数据导入成功！
888510659920001 0 数据导入成功！
888510672160000 0 数据导入成功！
888510672300006 0 数据导入成功！
888370858120056 0 数据导入成功！
888230159320001 0 数据导入成功！
888230172980007 0 数据导入成功！
888510673990000 0 数据导入成功！
888371759420000 0 数据导入成功！
888510659120006 0 数据导入成功！
888371758120071 0 数据导入成功！
888371758120072 0 数据导入成功！
888370858120057 0 数据导入成功！
888371759490003 0 数据导入成功！
888371758120070 0 数据导入成功！
888370359920003 0 数据导入成功！
888371758120069 0 数据导入成功！
888340252110003 0 数据导入成功！
888340256510000 0 数据导入成功！
888370359210012 0 数据导入成功！
888370358120042 0 数据导入成功！
888230559950001 -21 获取branch_name=刘东东创业合伙人的id出错,记录不存在! -6 获取county_name=集贤县的城市code出错
888370372300011 0 数据导入成功！
888370352510001 0 数据导入成功！
888370359770004 0 数据导入成功！
888340258120045 0 数据导入成功！
888360741310000 -21 获取branch_name=晏华石创业合伙人的id出错,记录不存在! -6 获取county_name=信丰县的城市code出错
888360772980000 0 数据导入成功！
888510159120020 0 数据导入成功！
888510153310014 0 数据导入成功！
888510158120042 0 数据导入成功！
888510172970006 0 数据导入成功！
888510157320006 0 数据导入成功！
888370856410012 0 数据导入成功！
888360758120011 0 数据导入成功！
888532956210001 0 数据导入成功！
888370859120016 0 数据导入成功！
888150554110000 0 数据导入成功！
888370358120043 0 数据导入成功！
888370359210013 0 数据导入成功！
888340256610003 0 数据导入成功！
888150507630003 0 数据导入成功！
888512058120014 0 数据导入成功！
888350553310004 0 数据导入成功！
888360758120010 0 数据导入成功！
888370859430001 -9 商家手机号格式不正确!mobile=[8555666]
888370854410003 0 数据导入成功！
888350556970000 0 数据导入成功！
888532656210001 0 数据导入成功！
888350557320005 -21 获取branch_name=李建成创业合伙人的id出错,记录不存在! -6 获取county_name=晋江市的城市code出错
888370859920000 0 数据导入成功！
888370348120006 0 数据导入成功！
888350573110001 0 数据导入成功！
888350558130009 0 数据导入成功！
888532648120004 0 数据导入成功！
888340256610004 0 数据导入成功！
888340259450002 0 数据导入成功！
888370858120058 0 数据导入成功！
888360759120007 0 数据导入成功！
888350558130011 0 数据导入成功！
888350558130008 0 数据导入成功！
888411058120006 0 数据导入成功！
888411058120005 0 数据导入成功！
888411058120007 0 数据导入成功！
888370854410004 0 数据导入成功！
888370858120059 0 数据导入成功！
888350553110004 -21 获取branch_name=李建成创业合伙人的id出错,记录不存在! -6 获取county_name=晋江市的城市code出错
888370856410013 0 数据导入成功！
888231058120022 0 数据导入成功！
888370858120060 0 数据导入成功！
888220158120026 0 数据导入成功！
888320758120008 0 数据导入成功！
888370358120044 0 数据导入成功！
888451272990000 -21 获取branch_name=陆华的id出错,记录不存在! -6 获取county_name=金城江区的城市code出错
888360756410002 0 数据导入成功！
888360758120012 0 数据导入成功！
